<?xml version="1.0" encoding="UTF-8"?>
<testng-results ignored="0" total="1" passed="1" failed="0" skipped="0">
  <reporter-output>
  </reporter-output>
  <suite started-at="2024-07-18T23:17:47 IST" name="Default suite" finished-at="2024-07-18T23:17:47 IST" duration-ms="77">
    <groups>
    </groups>
    <test started-at="2024-07-18T23:17:47 IST" name="Default test" finished-at="2024-07-18T23:17:47 IST" duration-ms="77">
      <class name="test.basic">
        <test-method signature="test()[pri:0, instance:test.basic@213e3629]" started-at="2024-07-18T23:17:47 IST" name="test" finished-at="2024-07-18T23:17:47 IST" duration-ms="11" status="PASS">
          <reporter-output>
          </reporter-output>
        </test-method> <!-- test -->
      </class> <!-- test.basic -->
    </test> <!-- Default test -->
  </suite> <!-- Default suite -->
</testng-results>
